
**** Build of configuration Debug for project test ****

"C:\\ti\\ccsv8\\utils\\bin\\gmake" -k -j 8 all -O 
 
Building file: "../main.c"
Invoking: ARM Compiler
"C:/ti/ccsv8/tools/compiler/ti-cgt-arm_18.1.4.LTS/bin/armcl" -mv7M4 --code_state=16 --float_support=FPv4SPD16 -me --include_path="C:/Users/ZJN/Documents/CCS_v8/test" --include_path="C:/ti/ccsv8/tools/compiler/ti-cgt-arm_18.1.4.LTS/include" --define=ccs="ccs" --define=PART_TM4C123GH6PM -g --gcc --diag_warning=225 --diag_wrap=off --display_error_number --abi=eabi --preproc_with_compile --preproc_dependency="main.d_raw"  "../main.c"
"../main.c", line 68: warning #225-D: function "RSysCtlPeripheralEnable" declared implicitly
Finished building: "../main.c"
 
Building target: "test.out"
Invoking: ARM Linker
"C:/ti/ccsv8/tools/compiler/ti-cgt-arm_18.1.4.LTS/bin/armcl" -mv7M4 --code_state=16 --float_support=FPv4SPD16 -me --define=ccs="ccs" --define=PART_TM4C123GH6PM -g --gcc --diag_warning=225 --diag_wrap=off --display_error_number --abi=eabi -z -m"test.map" --heap_size=0 --stack_size=512 -i"C:/ti/ccsv8/tools/compiler/ti-cgt-arm_18.1.4.LTS/lib" -i"C:/ti/ccsv8/tools/compiler/ti-cgt-arm_18.1.4.LTS/include" --reread_libs --diag_wrap=off --display_error_number --warn_sections --xml_link_info="test_linkInfo.xml" --rom_model -o "test.out" "./main.obj" "./tm4c123gh6pm_startup_ccs.obj" "./driverlib/adc.obj" "./driverlib/aes.obj" "./driverlib/can.obj" "./driverlib/comp.obj" "./driverlib/cpu.obj" "./driverlib/crc.obj" "./driverlib/des.obj" "./driverlib/eeprom.obj" "./driverlib/emac.obj" "./driverlib/epi.obj" "./driverlib/epi_workaround_ccs.obj" "./driverlib/flash.obj" "./driverlib/fpu.obj" "./driverlib/gpio.obj" "./driverlib/hibernate.obj" "./driverlib/i2c.obj" "./driverlib/interrupt.obj" "./driverlib/lcd.obj" "./driverlib/mpu.obj" "./driverlib/onewire.obj" "./driverlib/pwm.obj" "./driverlib/qei.obj" "./driverlib/shamd5.obj" "./driverlib/ssi.obj" "./driverlib/sw_crc.obj" "./driverlib/sysctl.obj" "./driverlib/sysexc.obj" "./driverlib/systick.obj" "./driverlib/timer.obj" "./driverlib/uart.obj" "./driverlib/udma.obj" "./driverlib/usb.obj" "./driverlib/watchdog.obj" "./utils/uartstdio.obj" "./utils/ustdlib.obj" "../tm4c123gh6pm.cmd" "../driverlib/ccs/Debug/driverlib.lib" "../driverlib/rvmdk/driverlib.lib"  -llibc.a   ../driverlib/ewarm/Exe/driverlib.a  ../driverlib/gcc/libdriver.a 
<Linking>
 
 undefined               first referenced
  symbol                     in file     
 ---------               ----------------
 RSysCtlPeripheralEnable ./main.obj      
 
error #10234-D: unresolved symbols remain
error #10010: errors encountered during linking; "test.out" not built
 
>> Compilation failure
makefile:191: recipe for target 'test.out' failed
gmake[1]: *** [test.out] Error 1
makefile:187: recipe for target 'all' failed
gmake: *** [all] Error 2

**** Build Finished ****
